# Logfile created on 2014-01-02 02:55:03 +0000 by logger.rb/44203
I, [2014-01-02T02:55:03.646614 #2129]  INFO -- : 0:  RedCloth (4.2.9) from /Users/ian/.rvm/gems/ruby-2.1.0/specifications/RedCloth-4.2.9.gemspec
I, [2014-01-02T02:55:03.647101 #2129]  INFO -- : 0:  blankslate (2.1.2.4) from /Users/ian/.rvm/gems/ruby-2.1.0/specifications/blankslate-2.1.2.4.gemspec
I, [2014-01-02T02:55:03.647399 #2129]  INFO -- : 0:  fast-stemmer (1.0.2) from /Users/ian/.rvm/gems/ruby-2.1.0/specifications/fast-stemmer-1.0.2.gemspec
I, [2014-01-02T02:55:03.647695 #2129]  INFO -- : 0:  classifier (1.3.4) from /Users/ian/.rvm/gems/ruby-2.1.0/specifications/classifier-1.3.4.gemspec
I, [2014-01-02T02:55:03.648011 #2129]  INFO -- : 0:  colorator (0.1) from /Users/ian/.rvm/gems/ruby-2.1.0/specifications/colorator-0.1.gemspec
I, [2014-01-02T02:55:03.648325 #2129]  INFO -- : 0:  highline (1.6.20) from /Users/ian/.rvm/gems/ruby-2.1.0/specifications/highline-1.6.20.gemspec
I, [2014-01-02T02:55:03.648626 #2129]  INFO -- : 0:  commander (4.1.5) from /Users/ian/.rvm/gems/ruby-2.1.0/specifications/commander-4.1.5.gemspec
I, [2014-01-02T02:55:03.648909 #2129]  INFO -- : 0:  ffi (1.9.3) from /Users/ian/.rvm/gems/ruby-2.1.0/specifications/ffi-1.9.3.gemspec
I, [2014-01-02T02:55:03.649193 #2129]  INFO -- : 0:  liquid (2.5.4) from /Users/ian/.rvm/gems/ruby-2.1.0/specifications/liquid-2.5.4.gemspec
I, [2014-01-02T02:55:03.649482 #2129]  INFO -- : 0:  rb-fsevent (0.9.4) from /Users/ian/.rvm/gems/ruby-2.1.0/specifications/rb-fsevent-0.9.4.gemspec
I, [2014-01-02T02:55:03.649755 #2129]  INFO -- : 0:  rb-inotify (0.9.3) from /Users/ian/.rvm/gems/ruby-2.1.0/specifications/rb-inotify-0.9.3.gemspec
I, [2014-01-02T02:55:03.650036 #2129]  INFO -- : 0:  rb-kqueue (0.2.0) from /Users/ian/.rvm/gems/ruby-2.1.0/specifications/rb-kqueue-0.2.0.gemspec
I, [2014-01-02T02:55:03.650312 #2129]  INFO -- : 0:  listen (1.3.1) from /Users/ian/.rvm/gems/ruby-2.1.0/specifications/listen-1.3.1.gemspec
I, [2014-01-02T02:55:03.650620 #2129]  INFO -- : 0:  maruku (0.7.0) from /Users/ian/.rvm/gems/ruby-2.1.0/specifications/maruku-0.7.0.gemspec
I, [2014-01-02T02:55:03.650900 #2129]  INFO -- : 0:  posix-spawn (0.3.8) from /Users/ian/.rvm/gems/ruby-2.1.0/specifications/posix-spawn-0.3.8.gemspec
I, [2014-01-02T02:55:03.651182 #2129]  INFO -- : 0:  yajl-ruby (1.1.0) from /Users/ian/.rvm/gems/ruby-2.1.0/specifications/yajl-ruby-1.1.0.gemspec
I, [2014-01-02T02:55:03.651460 #2129]  INFO -- : 0:  pygments.rb (0.5.4) from /Users/ian/.rvm/gems/ruby-2.1.0/specifications/pygments.rb-0.5.4.gemspec
I, [2014-01-02T02:55:03.651735 #2129]  INFO -- : 0:  redcarpet (2.3.0) from /Users/ian/.rvm/gems/ruby-2.1.0/specifications/redcarpet-2.3.0.gemspec
I, [2014-01-02T02:55:03.652013 #2129]  INFO -- : 0:  safe_yaml (0.9.7) from /Users/ian/.rvm/gems/ruby-2.1.0/specifications/safe_yaml-0.9.7.gemspec
I, [2014-01-02T02:55:03.652284 #2129]  INFO -- : 0:  parslet (1.5.0) from /Users/ian/.rvm/gems/ruby-2.1.0/specifications/parslet-1.5.0.gemspec
I, [2014-01-02T02:55:03.652567 #2129]  INFO -- : 0:  toml (0.1.0) from /Users/ian/.rvm/gems/ruby-2.1.0/specifications/toml-0.1.0.gemspec
I, [2014-01-02T02:55:03.652992 #2129]  INFO -- : 0:  jekyll (1.4.2) from /Users/ian/.rvm/gems/ruby-2.1.0/specifications/jekyll-1.4.2.gemspec
I, [2014-01-02T02:55:05.426209 #2129]  INFO -- : 0:  kramdown (1.2.0) from /Users/ian/.rvm/gems/ruby-2.1.0/specifications/kramdown-1.2.0.gemspec
I, [2014-01-02T02:55:08.735089 #2129]  INFO -- : 0:  rdiscount (2.1.7) from /Users/ian/.rvm/gems/ruby-2.1.0/specifications/rdiscount-2.1.7.gemspec
I, [2014-01-02T02:55:09.827343 #2129]  INFO -- : 0:  github-pages (12) from /Users/ian/.rvm/gems/ruby-2.1.0/specifications/github-pages-12.gemspec
I, [2014-01-02T02:55:09.827767 #2129]  INFO -- : 0:  bundler (1.5.1) from /Users/ian/.rvm/gems/ruby-2.1.0/specifications/bundler-1.5.1.gemspec
I, [2014-01-02T02:56:17.075906 #2651]  INFO -- : 0:  RedCloth (4.2.9) from /Users/ian/.rvm/gems/ruby-2.1.0/specifications/RedCloth-4.2.9.gemspec
I, [2014-01-02T02:56:17.076352 #2651]  INFO -- : 0:  blankslate (2.1.2.4) from /Users/ian/.rvm/gems/ruby-2.1.0/specifications/blankslate-2.1.2.4.gemspec
I, [2014-01-02T02:56:17.076730 #2651]  INFO -- : 0:  fast-stemmer (1.0.2) from /Users/ian/.rvm/gems/ruby-2.1.0/specifications/fast-stemmer-1.0.2.gemspec
I, [2014-01-02T02:56:17.077020 #2651]  INFO -- : 0:  classifier (1.3.4) from /Users/ian/.rvm/gems/ruby-2.1.0/specifications/classifier-1.3.4.gemspec
I, [2014-01-02T02:56:17.077294 #2651]  INFO -- : 0:  colorator (0.1) from /Users/ian/.rvm/gems/ruby-2.1.0/specifications/colorator-0.1.gemspec
I, [2014-01-02T02:56:17.077572 #2651]  INFO -- : 0:  highline (1.6.20) from /Users/ian/.rvm/gems/ruby-2.1.0/specifications/highline-1.6.20.gemspec
I, [2014-01-02T02:56:17.077838 #2651]  INFO -- : 0:  commander (4.1.5) from /Users/ian/.rvm/gems/ruby-2.1.0/specifications/commander-4.1.5.gemspec
I, [2014-01-02T02:56:17.078105 #2651]  INFO -- : 0:  ffi (1.9.3) from /Users/ian/.rvm/gems/ruby-2.1.0/specifications/ffi-1.9.3.gemspec
I, [2014-01-02T02:56:17.078365 #2651]  INFO -- : 0:  liquid (2.5.4) from /Users/ian/.rvm/gems/ruby-2.1.0/specifications/liquid-2.5.4.gemspec
I, [2014-01-02T02:56:17.078614 #2651]  INFO -- : 0:  rb-fsevent (0.9.4) from /Users/ian/.rvm/gems/ruby-2.1.0/specifications/rb-fsevent-0.9.4.gemspec
I, [2014-01-02T02:56:17.078879 #2651]  INFO -- : 0:  rb-inotify (0.9.3) from /Users/ian/.rvm/gems/ruby-2.1.0/specifications/rb-inotify-0.9.3.gemspec
I, [2014-01-02T02:56:17.079150 #2651]  INFO -- : 0:  rb-kqueue (0.2.0) from /Users/ian/.rvm/gems/ruby-2.1.0/specifications/rb-kqueue-0.2.0.gemspec
I, [2014-01-02T02:56:17.079405 #2651]  INFO -- : 0:  listen (1.3.1) from /Users/ian/.rvm/gems/ruby-2.1.0/specifications/listen-1.3.1.gemspec
I, [2014-01-02T02:56:17.079663 #2651]  INFO -- : 0:  maruku (0.7.0) from /Users/ian/.rvm/gems/ruby-2.1.0/specifications/maruku-0.7.0.gemspec
I, [2014-01-02T02:56:17.079921 #2651]  INFO -- : 0:  posix-spawn (0.3.8) from /Users/ian/.rvm/gems/ruby-2.1.0/specifications/posix-spawn-0.3.8.gemspec
I, [2014-01-02T02:56:17.080173 #2651]  INFO -- : 0:  yajl-ruby (1.1.0) from /Users/ian/.rvm/gems/ruby-2.1.0/specifications/yajl-ruby-1.1.0.gemspec
I, [2014-01-02T02:56:17.080429 #2651]  INFO -- : 0:  pygments.rb (0.5.4) from /Users/ian/.rvm/gems/ruby-2.1.0/specifications/pygments.rb-0.5.4.gemspec
I, [2014-01-02T02:56:17.080693 #2651]  INFO -- : 0:  redcarpet (2.3.0) from /Users/ian/.rvm/gems/ruby-2.1.0/specifications/redcarpet-2.3.0.gemspec
I, [2014-01-02T02:56:17.080949 #2651]  INFO -- : 0:  safe_yaml (0.9.7) from /Users/ian/.rvm/gems/ruby-2.1.0/specifications/safe_yaml-0.9.7.gemspec
I, [2014-01-02T02:56:17.081207 #2651]  INFO -- : 0:  parslet (1.5.0) from /Users/ian/.rvm/gems/ruby-2.1.0/specifications/parslet-1.5.0.gemspec
I, [2014-01-02T02:56:17.081464 #2651]  INFO -- : 0:  toml (0.1.0) from /Users/ian/.rvm/gems/ruby-2.1.0/specifications/toml-0.1.0.gemspec
I, [2014-01-02T02:56:17.081722 #2651]  INFO -- : 0:  jekyll (1.4.2) from /Users/ian/.rvm/gems/ruby-2.1.0/specifications/jekyll-1.4.2.gemspec
I, [2014-01-02T02:56:17.081975 #2651]  INFO -- : 0:  kramdown (1.2.0) from /Users/ian/.rvm/gems/ruby-2.1.0/specifications/kramdown-1.2.0.gemspec
I, [2014-01-02T02:56:17.082221 #2651]  INFO -- : 0:  rdiscount (2.1.7) from /Users/ian/.rvm/gems/ruby-2.1.0/specifications/rdiscount-2.1.7.gemspec
I, [2014-01-02T02:56:17.082478 #2651]  INFO -- : 0:  github-pages (12) from /Users/ian/.rvm/gems/ruby-2.1.0/specifications/github-pages-12.gemspec
I, [2014-01-02T02:56:17.082730 #2651]  INFO -- : 0:  bundler (1.5.1) from /Users/ian/.rvm/gems/ruby-2.1.0/specifications/bundler-1.5.1.gemspec
I, [2014-01-02T02:58:15.968177 #2663]  INFO -- : 0:  RedCloth (4.2.9) from /Users/ian/.rvm/gems/ruby-2.1.0/specifications/RedCloth-4.2.9.gemspec
I, [2014-01-02T02:58:15.968512 #2663]  INFO -- : 0:  blankslate (2.1.2.4) from /Users/ian/.rvm/gems/ruby-2.1.0/specifications/blankslate-2.1.2.4.gemspec
I, [2014-01-02T02:58:15.968836 #2663]  INFO -- : 0:  fast-stemmer (1.0.2) from /Users/ian/.rvm/gems/ruby-2.1.0/specifications/fast-stemmer-1.0.2.gemspec
I, [2014-01-02T02:58:15.969121 #2663]  INFO -- : 0:  classifier (1.3.4) from /Users/ian/.rvm/gems/ruby-2.1.0/specifications/classifier-1.3.4.gemspec
I, [2014-01-02T02:58:15.969449 #2663]  INFO -- : 0:  colorator (0.1) from /Users/ian/.rvm/gems/ruby-2.1.0/specifications/colorator-0.1.gemspec
I, [2014-01-02T02:58:15.969760 #2663]  INFO -- : 0:  highline (1.6.20) from /Users/ian/.rvm/gems/ruby-2.1.0/specifications/highline-1.6.20.gemspec
I, [2014-01-02T02:58:15.970101 #2663]  INFO -- : 0:  commander (4.1.5) from /Users/ian/.rvm/gems/ruby-2.1.0/specifications/commander-4.1.5.gemspec
I, [2014-01-02T02:58:15.970491 #2663]  INFO -- : 0:  ffi (1.9.3) from /Users/ian/.rvm/gems/ruby-2.1.0/specifications/ffi-1.9.3.gemspec
I, [2014-01-02T02:58:15.970763 #2663]  INFO -- : 0:  liquid (2.5.4) from /Users/ian/.rvm/gems/ruby-2.1.0/specifications/liquid-2.5.4.gemspec
I, [2014-01-02T02:58:15.971023 #2663]  INFO -- : 0:  rb-fsevent (0.9.4) from /Users/ian/.rvm/gems/ruby-2.1.0/specifications/rb-fsevent-0.9.4.gemspec
I, [2014-01-02T02:58:15.971284 #2663]  INFO -- : 0:  rb-inotify (0.9.3) from /Users/ian/.rvm/gems/ruby-2.1.0/specifications/rb-inotify-0.9.3.gemspec
I, [2014-01-02T02:58:15.971541 #2663]  INFO -- : 0:  rb-kqueue (0.2.0) from /Users/ian/.rvm/gems/ruby-2.1.0/specifications/rb-kqueue-0.2.0.gemspec
I, [2014-01-02T02:58:15.971801 #2663]  INFO -- : 0:  listen (1.3.1) from /Users/ian/.rvm/gems/ruby-2.1.0/specifications/listen-1.3.1.gemspec
I, [2014-01-02T02:58:15.972063 #2663]  INFO -- : 0:  maruku (0.7.0) from /Users/ian/.rvm/gems/ruby-2.1.0/specifications/maruku-0.7.0.gemspec
I, [2014-01-02T02:58:15.972319 #2663]  INFO -- : 0:  posix-spawn (0.3.8) from /Users/ian/.rvm/gems/ruby-2.1.0/specifications/posix-spawn-0.3.8.gemspec
I, [2014-01-02T02:58:15.972567 #2663]  INFO -- : 0:  yajl-ruby (1.1.0) from /Users/ian/.rvm/gems/ruby-2.1.0/specifications/yajl-ruby-1.1.0.gemspec
I, [2014-01-02T02:58:15.972829 #2663]  INFO -- : 0:  pygments.rb (0.5.4) from /Users/ian/.rvm/gems/ruby-2.1.0/specifications/pygments.rb-0.5.4.gemspec
I, [2014-01-02T02:58:15.973087 #2663]  INFO -- : 0:  redcarpet (2.3.0) from /Users/ian/.rvm/gems/ruby-2.1.0/specifications/redcarpet-2.3.0.gemspec
I, [2014-01-02T02:58:15.973346 #2663]  INFO -- : 0:  safe_yaml (0.9.7) from /Users/ian/.rvm/gems/ruby-2.1.0/specifications/safe_yaml-0.9.7.gemspec
I, [2014-01-02T02:58:15.973603 #2663]  INFO -- : 0:  parslet (1.5.0) from /Users/ian/.rvm/gems/ruby-2.1.0/specifications/parslet-1.5.0.gemspec
I, [2014-01-02T02:58:15.973860 #2663]  INFO -- : 0:  toml (0.1.0) from /Users/ian/.rvm/gems/ruby-2.1.0/specifications/toml-0.1.0.gemspec
I, [2014-01-02T02:58:15.974120 #2663]  INFO -- : 0:  jekyll (1.4.2) from /Users/ian/.rvm/gems/ruby-2.1.0/specifications/jekyll-1.4.2.gemspec
I, [2014-01-02T02:58:15.974379 #2663]  INFO -- : 0:  kramdown (1.2.0) from /Users/ian/.rvm/gems/ruby-2.1.0/specifications/kramdown-1.2.0.gemspec
I, [2014-01-02T02:58:15.974638 #2663]  INFO -- : 0:  rdiscount (2.1.7) from /Users/ian/.rvm/gems/ruby-2.1.0/specifications/rdiscount-2.1.7.gemspec
I, [2014-01-02T02:58:15.974894 #2663]  INFO -- : 0:  github-pages (12) from /Users/ian/.rvm/gems/ruby-2.1.0/specifications/github-pages-12.gemspec
I, [2014-01-02T02:58:15.975130 #2663]  INFO -- : 0:  bundler (1.5.1) from /Users/ian/.rvm/gems/ruby-2.1.0/specifications/bundler-1.5.1.gemspec
